<?xml version="1.0" encoding="UTF-8"?>
<testsuite name="com.cos.blogactionaws.web.BlogControllerTest" tests="1" skipped="0" failures="0" errors="0" timestamp="2022-01-15T01:51:15" hostname="JOOHO-NOTEBOOK" time="0.238">
  <properties/>
  <testcase name="home()" classname="com.cos.blogactionaws.web.BlogControllerTest" time="0.238"/>
  <system-out><![CDATA[2022-01-15 10:51:14.093  INFO 4124 --- [    Test worker] .b.t.c.SpringBootTestContextBootstrapper : Neither @ContextConfiguration nor @ContextHierarchy found for test class [com.cos.blogactionaws.web.BlogControllerTest], using SpringBootContextLoader
2022-01-15 10:51:14.094  INFO 4124 --- [    Test worker] o.s.t.c.support.AbstractContextLoader    : Could not detect default resource locations for test class [com.cos.blogactionaws.web.BlogControllerTest]: no resource found for suffixes {-context.xml, Context.groovy}.
2022-01-15 10:51:14.094  INFO 4124 --- [    Test worker] t.c.s.AnnotationConfigContextLoaderUtils : Could not detect default configuration classes for test class [com.cos.blogactionaws.web.BlogControllerTest]: BlogControllerTest does not declare any static, non-private, non-final, nested classes annotated with @Configuration.
2022-01-15 10:51:14.101  INFO 4124 --- [    Test worker] .b.t.c.SpringBootTestContextBootstrapper : Found @SpringBootConfiguration com.cos.blogactionaws.BlogActionAwsApplication for test class com.cos.blogactionaws.web.BlogControllerTest
2022-01-15 10:51:14.103  INFO 4124 --- [    Test worker] .b.t.c.SpringBootTestContextBootstrapper : Loaded default TestExecutionListener class names from location [META-INF/spring.factories]: [org.springframework.boot.test.autoconfigure.restdocs.RestDocsTestExecutionListener, org.springframework.boot.test.autoconfigure.web.client.MockRestServiceServerResetTestExecutionListener, org.springframework.boot.test.autoconfigure.web.servlet.MockMvcPrintOnlyOnFailureTestExecutionListener, org.springframework.boot.test.autoconfigure.web.servlet.WebDriverTestExecutionListener, org.springframework.boot.test.autoconfigure.webservices.client.MockWebServiceServerTestExecutionListener, org.springframework.boot.test.mock.mockito.MockitoTestExecutionListener, org.springframework.boot.test.mock.mockito.ResetMocksTestExecutionListener, org.springframework.test.context.web.ServletTestExecutionListener, org.springframework.test.context.support.DirtiesContextBeforeModesTestExecutionListener, org.springframework.test.context.event.ApplicationEventsTestExecutionListener, org.springframework.test.context.support.DependencyInjectionTestExecutionListener, org.springframework.test.context.support.DirtiesContextTestExecutionListener, org.springframework.test.context.transaction.TransactionalTestExecutionListener, org.springframework.test.context.jdbc.SqlScriptsTestExecutionListener, org.springframework.test.context.event.EventPublishingTestExecutionListener]
2022-01-15 10:51:14.104  INFO 4124 --- [    Test worker] .b.t.c.SpringBootTestContextBootstrapper : Using TestExecutionListeners: [org.springframework.test.context.web.ServletTestExecutionListener@7a814310, org.springframework.test.context.support.DirtiesContextBeforeModesTestExecutionListener@4bbf38b8, org.springframework.test.context.event.ApplicationEventsTestExecutionListener@4e67cfe1, org.springframework.boot.test.mock.mockito.MockitoTestExecutionListener@55bf35e5, org.springframework.boot.test.autoconfigure.SpringBootDependencyInjectionTestExecutionListener@25567581, org.springframework.test.context.support.DirtiesContextTestExecutionListener@179ee36b, org.springframework.test.context.event.EventPublishingTestExecutionListener@67763ebe, org.springframework.boot.test.autoconfigure.restdocs.RestDocsTestExecutionListener@4b4a2fa8, org.springframework.boot.test.autoconfigure.web.client.MockRestServiceServerResetTestExecutionListener@5da6b13d, org.springframework.boot.test.autoconfigure.web.servlet.MockMvcPrintOnlyOnFailureTestExecutionListener@3dc39459, org.springframework.boot.test.autoconfigure.web.servlet.WebDriverTestExecutionListener@6b16de91, org.springframework.boot.test.autoconfigure.webservices.client.MockWebServiceServerTestExecutionListener@71bb8b34, org.springframework.boot.test.mock.mockito.ResetMocksTestExecutionListener@197ce367]

  .   ____          _            __ _ _
 /\\ / ___'_ __ _ _(_)_ __  __ _ \ \ \ \
( ( )\___ | '_ | '_| | '_ \/ _` | \ \ \ \
 \\/  ___)| |_)| | | | | || (_| |  ) ) ) )
  '  |____| .__|_| |_|_| |_\__, | / / / /
 =========|_|==============|___/=/_/_/_/
 :: Spring Boot ::                (v2.6.2)

2022-01-15 10:51:14.169  INFO 4124 --- [    Test worker] c.c.b.web.BlogControllerTest             : Starting BlogControllerTest using Java 11 on jooho-notebook with PID 4124 (started by ssarm in C:\src\devopswork\elastic-beanstalk-docker-compose)
2022-01-15 10:51:14.169  INFO 4124 --- [    Test worker] c.c.b.web.BlogControllerTest             : The following profiles are active: prod
2022-01-15 10:51:14.635  INFO 4124 --- [    Test worker] o.s.b.w.embedded.tomcat.TomcatWebServer  : Tomcat initialized with port(s): 0 (http)
2022-01-15 10:51:14.658  INFO 4124 --- [    Test worker] o.apache.catalina.core.StandardService   : Starting service [Tomcat]
2022-01-15 10:51:14.659  INFO 4124 --- [    Test worker] org.apache.catalina.core.StandardEngine  : Starting Servlet engine: [Apache Tomcat/9.0.56]
2022-01-15 10:51:14.800  INFO 4124 --- [    Test worker] o.a.c.c.C.[Tomcat].[localhost].[/]       : Initializing Spring embedded WebApplicationContext
2022-01-15 10:51:14.800  INFO 4124 --- [    Test worker] w.s.c.ServletWebServerApplicationContext : Root WebApplicationContext: initialization completed in 627 ms
2022-01-15 10:51:15.300  INFO 4124 --- [    Test worker] o.s.b.w.embedded.tomcat.TomcatWebServer  : Tomcat started on port(s): 53637 (http) with context path ''
2022-01-15 10:51:15.304  INFO 4124 --- [    Test worker] c.c.b.web.BlogControllerTest             : Started BlogControllerTest in 1.194 seconds (JVM running for 6.002)
2022-01-15 10:51:15.484  INFO 4124 --- [o-auto-1-exec-1] o.a.c.c.C.[Tomcat].[localhost].[/]       : Initializing Spring DispatcherServlet 'dispatcherServlet'
2022-01-15 10:51:15.485  INFO 4124 --- [o-auto-1-exec-1] o.s.web.servlet.DispatcherServlet        : Initializing Servlet 'dispatcherServlet'
2022-01-15 10:51:15.487  INFO 4124 --- [o-auto-1-exec-1] o.s.web.servlet.DispatcherServlet        : Completed initialization in 2 ms
]]></system-out>
  <system-err><![CDATA[]]></system-err>
</testsuite>
