<?xml version="1.0" encoding="UTF-8"?>
<testsuite name="com.cos.blogactionaws.BlogActionAwsApplicationTests" tests="1" skipped="0" failures="0" errors="0" timestamp="2022-01-01T05:00:18" hostname="JOOHO-NOTEBOOK" time="0.397">
  <properties/>
  <testcase name="contextLoads()" classname="com.cos.blogactionaws.BlogActionAwsApplicationTests" time="0.397"/>
  <system-out><![CDATA[14:00:15.541 [Test worker] DEBUG org.springframework.test.context.BootstrapUtils - Instantiating CacheAwareContextLoaderDelegate from class [org.springframework.test.context.cache.DefaultCacheAwareContextLoaderDelegate]
14:00:15.552 [Test worker] DEBUG org.springframework.test.context.BootstrapUtils - Instantiating BootstrapContext using constructor [public org.springframework.test.context.support.DefaultBootstrapContext(java.lang.Class,org.springframework.test.context.CacheAwareContextLoaderDelegate)]
14:00:15.586 [Test worker] DEBUG org.springframework.test.context.BootstrapUtils - Instantiating TestContextBootstrapper for test class [com.cos.blogactionaws.BlogActionAwsApplicationTests] from class [org.springframework.boot.test.context.SpringBootTestContextBootstrapper]
14:00:15.601 [Test worker] INFO org.springframework.boot.test.context.SpringBootTestContextBootstrapper - Neither @ContextConfiguration nor @ContextHierarchy found for test class [com.cos.blogactionaws.BlogActionAwsApplicationTests], using SpringBootContextLoader
14:00:15.605 [Test worker] DEBUG org.springframework.test.context.support.AbstractContextLoader - Did not detect default resource location for test class [com.cos.blogactionaws.BlogActionAwsApplicationTests]: class path resource [com/cos/blogactionaws/BlogActionAwsApplicationTests-context.xml] does not exist
14:00:15.606 [Test worker] DEBUG org.springframework.test.context.support.AbstractContextLoader - Did not detect default resource location for test class [com.cos.blogactionaws.BlogActionAwsApplicationTests]: class path resource [com/cos/blogactionaws/BlogActionAwsApplicationTestsContext.groovy] does not exist
14:00:15.606 [Test worker] INFO org.springframework.test.context.support.AbstractContextLoader - Could not detect default resource locations for test class [com.cos.blogactionaws.BlogActionAwsApplicationTests]: no resource found for suffixes {-context.xml, Context.groovy}.
14:00:15.607 [Test worker] INFO org.springframework.test.context.support.AnnotationConfigContextLoaderUtils - Could not detect default configuration classes for test class [com.cos.blogactionaws.BlogActionAwsApplicationTests]: BlogActionAwsApplicationTests does not declare any static, non-private, non-final, nested classes annotated with @Configuration.
14:00:15.650 [Test worker] DEBUG org.springframework.test.context.support.ActiveProfilesUtils - Could not find an 'annotation declaring class' for annotation type [org.springframework.test.context.ActiveProfiles] and class [com.cos.blogactionaws.BlogActionAwsApplicationTests]
14:00:15.714 [Test worker] DEBUG org.springframework.context.annotation.ClassPathScanningCandidateComponentProvider - Identified candidate component class: file [C:\src\devopswork\elastic-beanstalk-docker-compose\build\classes\java\main\com\cos\blogactionaws\BlogActionAwsApplication.class]
14:00:15.716 [Test worker] INFO org.springframework.boot.test.context.SpringBootTestContextBootstrapper - Found @SpringBootConfiguration com.cos.blogactionaws.BlogActionAwsApplication for test class com.cos.blogactionaws.BlogActionAwsApplicationTests
14:00:15.822 [Test worker] DEBUG org.springframework.boot.test.context.SpringBootTestContextBootstrapper - @TestExecutionListeners is not present for class [com.cos.blogactionaws.BlogActionAwsApplicationTests]: using defaults.
14:00:15.823 [Test worker] INFO org.springframework.boot.test.context.SpringBootTestContextBootstrapper - Loaded default TestExecutionListener class names from location [META-INF/spring.factories]: [org.springframework.boot.test.autoconfigure.restdocs.RestDocsTestExecutionListener, org.springframework.boot.test.autoconfigure.web.client.MockRestServiceServerResetTestExecutionListener, org.springframework.boot.test.autoconfigure.web.servlet.MockMvcPrintOnlyOnFailureTestExecutionListener, org.springframework.boot.test.autoconfigure.web.servlet.WebDriverTestExecutionListener, org.springframework.boot.test.autoconfigure.webservices.client.MockWebServiceServerTestExecutionListener, org.springframework.boot.test.mock.mockito.MockitoTestExecutionListener, org.springframework.boot.test.mock.mockito.ResetMocksTestExecutionListener, org.springframework.test.context.web.ServletTestExecutionListener, org.springframework.test.context.support.DirtiesContextBeforeModesTestExecutionListener, org.springframework.test.context.event.ApplicationEventsTestExecutionListener, org.springframework.test.context.support.DependencyInjectionTestExecutionListener, org.springframework.test.context.support.DirtiesContextTestExecutionListener, org.springframework.test.context.transaction.TransactionalTestExecutionListener, org.springframework.test.context.jdbc.SqlScriptsTestExecutionListener, org.springframework.test.context.event.EventPublishingTestExecutionListener]
14:00:15.841 [Test worker] DEBUG org.springframework.boot.test.context.SpringBootTestContextBootstrapper - Skipping candidate TestExecutionListener [org.springframework.test.context.transaction.TransactionalTestExecutionListener] due to a missing dependency. Specify custom listener classes or make the default listener classes and their required dependencies available. Offending class: [org/springframework/transaction/interceptor/TransactionAttributeSource]
14:00:15.841 [Test worker] DEBUG org.springframework.boot.test.context.SpringBootTestContextBootstrapper - Skipping candidate TestExecutionListener [org.springframework.test.context.jdbc.SqlScriptsTestExecutionListener] due to a missing dependency. Specify custom listener classes or make the default listener classes and their required dependencies available. Offending class: [org/springframework/transaction/interceptor/TransactionAttribute]
14:00:15.842 [Test worker] INFO org.springframework.boot.test.context.SpringBootTestContextBootstrapper - Using TestExecutionListeners: [org.springframework.test.context.web.ServletTestExecutionListener@750fe12e, org.springframework.test.context.support.DirtiesContextBeforeModesTestExecutionListener@f8908f6, org.springframework.test.context.event.ApplicationEventsTestExecutionListener@3e587920, org.springframework.boot.test.mock.mockito.MockitoTestExecutionListener@2ef8a8c3, org.springframework.boot.test.autoconfigure.SpringBootDependencyInjectionTestExecutionListener@24f43aa3, org.springframework.test.context.support.DirtiesContextTestExecutionListener@63fd4873, org.springframework.test.context.event.EventPublishingTestExecutionListener@1e11bc55, org.springframework.boot.test.autoconfigure.restdocs.RestDocsTestExecutionListener@7544a1e4, org.springframework.boot.test.autoconfigure.web.client.MockRestServiceServerResetTestExecutionListener@70e0accd, org.springframework.boot.test.autoconfigure.web.servlet.MockMvcPrintOnlyOnFailureTestExecutionListener@7957dc72, org.springframework.boot.test.autoconfigure.web.servlet.WebDriverTestExecutionListener@6ab72419, org.springframework.boot.test.autoconfigure.webservices.client.MockWebServiceServerTestExecutionListener@3aacf32a, org.springframework.boot.test.mock.mockito.ResetMocksTestExecutionListener@4fdfa676]
14:00:15.846 [Test worker] DEBUG org.springframework.test.context.support.AbstractDirtiesContextTestExecutionListener - Before test class: context [DefaultTestContext@6e33c391 testClass = BlogActionAwsApplicationTests, testInstance = [null], testMethod = [null], testException = [null], mergedContextConfiguration = [WebMergedContextConfiguration@6c451c9c testClass = BlogActionAwsApplicationTests, locations = '{}', classes = '{class com.cos.blogactionaws.BlogActionAwsApplication}', contextInitializerClasses = '[]', activeProfiles = '{}', propertySourceLocations = '{}', propertySourceProperties = '{org.springframework.boot.test.context.SpringBootTestContextBootstrapper=true}', contextCustomizers = set[org.springframework.boot.test.autoconfigure.actuate.metrics.MetricsExportContextCustomizerFactory$DisableMetricExportContextCustomizer@b6b1987, org.springframework.boot.test.autoconfigure.properties.PropertyMappingContextCustomizer@0, org.springframework.boot.test.autoconfigure.web.servlet.WebDriverContextCustomizerFactory$Customizer@62452cc9, org.springframework.boot.test.context.filter.ExcludeFilterContextCustomizer@7516e4e5, org.springframework.boot.test.json.DuplicateJsonObjectContextCustomizerFactory$DuplicateJsonObjectContextCustomizer@4189d70b, org.springframework.boot.test.mock.mockito.MockitoContextCustomizer@0, org.springframework.boot.test.web.client.TestRestTemplateContextCustomizer@2a8d39c4, org.springframework.boot.test.context.SpringBootTestArgs@1, org.springframework.boot.test.context.SpringBootTestWebEnvironment@7d7758be], resourceBasePath = 'src/main/webapp', contextLoader = 'org.springframework.boot.test.context.SpringBootContextLoader', parent = [null]], attributes = map['org.springframework.test.context.web.ServletTestExecutionListener.activateListener' -> true]], class annotated with @DirtiesContext [false] with mode [null].
14:00:15.921 [Test worker] DEBUG org.springframework.boot.ApplicationServletEnvironment - Activating profiles []
14:00:15.921 [Test worker] DEBUG org.springframework.test.context.support.TestPropertySourceUtils - Adding inlined properties to environment: {spring.jmx.enabled=false, org.springframework.boot.test.context.SpringBootTestContextBootstrapper=true}

  .   ____          _            __ _ _
 /\\ / ___'_ __ _ _(_)_ __  __ _ \ \ \ \
( ( )\___ | '_ | '_| | '_ \/ _` | \ \ \ \
 \\/  ___)| |_)| | | | | || (_| |  ) ) ) )
  '  |____| .__|_| |_|_| |_\__, | / / / /
 =========|_|==============|___/=/_/_/_/
 :: Spring Boot ::                (v2.6.2)

2022-01-01 14:00:16.409  INFO 11344 --- [    Test worker] c.c.b.BlogActionAwsApplicationTests      : Starting BlogActionAwsApplicationTests using Java 11 on jooho-notebook with PID 11344 (started by ssarm in C:\src\devopswork\elastic-beanstalk-docker-compose)
2022-01-01 14:00:16.411  INFO 11344 --- [    Test worker] c.c.b.BlogActionAwsApplicationTests      : The following profiles are active: prod
2022-01-01 14:00:18.249  INFO 11344 --- [    Test worker] c.c.b.BlogActionAwsApplicationTests      : Started BlogActionAwsApplicationTests in 2.325 seconds (JVM running for 4.264)
]]></system-out>
  <system-err><![CDATA[]]></system-err>
</testsuite>
